<?xml version="1.0" encoding="UTF-8"?>
<!-- Generated by org.testng.reporters.JUnitXMLReporter -->
<testsuite ignored="0" hostname="IN-PG0352AV" failures="2" tests="6" name="Test" time="111.555" errors="0" timestamp="25 Apr 2024 12:07:52 GMT">
  <testcase classname="tests.ProductQuantityTest" name="AddToCarttest" time="17.556"/>
  <testcase classname="tests.RemoveFromCartTest" name="RemoveFromCarttest" time="10.762"/>
  <testcase classname="tests.SaveForLaterTest" name="RemoveFromCarttest" time="12.597">
    <failure type="java.lang.AssertionError" message="expected [true] but found [false]">
      <![CDATA[java.lang.AssertionError: expected [true] but found [false]
	at tests.SaveForLaterTest.RemoveFromCarttest(SaveForLaterTest.java:54)
... Removed 29 stack frames]]>
    </failure>
  </testcase> <!-- RemoveFromCarttest -->
  <testcase classname="tests.SearchTest" name="Searchfeature" time="5.222">
    <failure type="java.lang.AssertionError" message="expected [false] but found [true]">
      <![CDATA[java.lang.AssertionError: expected [false] but found [true]
	at tests.SearchTest.Searchfeature(SearchTest.java:34)
... Removed 29 stack frames]]>
    </failure>
  </testcase> <!-- Searchfeature -->
  <testcase classname="tests.AddToCartTest" name="AddToCarttest" time="12.643"/>
  <testcase classname="tests.ProductDetailsTest" name="ProductTest" time="3.156"/>
</testsuite> <!-- Test -->
